<?xml version="1.0" encoding="UTF-8"?>
<!-- Generated by org.testng.reporters.JUnitReportReporter -->
<testsuite hostname="DESKTOP-OU80H79" failures="0" tests="6" name="com.app.test.Parallel_Exe" time="0.050" errors="0" timestamp="2023-10-07T10:31:36 IST" skipped="0">
  <testcase classname="com.app.test.Parallel_Exe" name="test2" time="0.003"/>
  <system-out/>
  <testcase classname="com.app.test.Parallel_Exe" name="test6" time="0.003"/>
  <system-out/>
  <testcase classname="com.app.test.Parallel_Exe" name="test5" time="0.005"/>
  <system-out/>
  <testcase classname="com.app.test.Parallel_Exe" name="test1" time="0.029"/>
  <system-out/>
  <testcase classname="com.app.test.Parallel_Exe" name="test3" time="0.007"/>
  <system-out/>
  <testcase classname="com.app.test.Parallel_Exe" name="test4" time="0.003"/>
  <system-out/>
</testsuite> <!-- com.app.test.Parallel_Exe -->
