<?xml version="1.0" encoding="UTF-8"?>
<!-- Generated by org.testng.reporters.JUnitReportReporter -->
<testsuite hostname="DESKTOP-OU80H79" failures="0" tests="2" name="com.app.test.Parallel_Test" time="9.304" errors="0" timestamp="2023-10-07T10:40:05 IST" skipped="0">
  <testcase classname="com.app.test.Parallel_Test" name="test" time="4.522"/>
  <system-out/>
  <testcase classname="com.app.test.Parallel_Test" name="test" time="4.782"/>
  <system-out/>
</testsuite> <!-- com.app.test.Parallel_Test -->
