<?xml version="1.0" encoding="UTF-8"?>
<!-- Generated by org.testng.reporters.JUnitReportReporter -->
<testsuite hostname="DESKTOP-OU80H79" failures="0" tests="3" name="com.app.test.Group_SampleTwo" time="0.030" errors="0" timestamp="2023-10-07T10:22:19 IST" skipped="0">
  <testcase classname="com.app.test.Group_SampleTwo" name="test6" time="0.011"/>
  <system-out/>
  <testcase classname="com.app.test.Group_SampleTwo" name="test4" time="0.016"/>
  <system-out/>
  <testcase classname="com.app.test.Group_SampleTwo" name="test5" time="0.003"/>
  <system-out/>
</testsuite> <!-- com.app.test.Group_SampleTwo -->
