<?xml version="1.0" encoding="UTF-8"?>
<!-- Generated by org.testng.reporters.JUnitReportReporter -->
<testsuite hostname="DESKTOP-OU80H79" failures="0" tests="1" name="com.app.test.Parameter_Sample" time="0.018" errors="0" timestamp="2023-10-07T10:14:39 IST" skipped="0">
  <testcase classname="com.app.test.Parameter_Sample" name="test1" time="0.018"/>
  <system-out/>
</testsuite> <!-- com.app.test.Parameter_Sample -->
