<?xml version="1.0" encoding="UTF-8"?>
<!-- Generated by org.testng.reporters.JUnitReportReporter -->
<testsuite hostname="DESKTOP-OU80H79" failures="0" tests="2" name="com.app.test.DataProvider" time="0.021" errors="0" timestamp="2023-10-08T05:38:28 IST" skipped="0">
  <testcase classname="com.app.test.DataProvider" name="test" time="0.017"/>
  <system-out/>
  <testcase classname="com.app.test.DataProvider" name="test" time="0.004"/>
  <system-out/>
</testsuite> <!-- com.app.test.DataProvider -->
