<?xml version="1.0" encoding="UTF-8"?>
<!-- Generated by org.testng.reporters.JUnitReportReporter -->
<testsuite hostname="DESKTOP-OU80H79" failures="0" tests="2" name="com.app.test.Dependon" time="0.030" errors="0" timestamp="2023-10-08T05:22:03 IST" skipped="0">
  <testcase classname="com.app.test.Dependon" name="test1" time="0.002"/>
  <system-out/>
  <testcase classname="com.app.test.Dependon" name="test2" time="0.028"/>
  <system-out/>
</testsuite> <!-- com.app.test.Dependon -->
