<?xml version="1.0" encoding="UTF-8"?>
<!-- Generated by org.testng.reporters.JUnitReportReporter -->
<testsuite hostname="DESKTOP-OU80H79" failures="0" tests="3" name="com.app.test.Group_SampleOne" time="0.014" errors="0" timestamp="2023-10-07T10:22:19 IST" skipped="0">
  <testcase classname="com.app.test.Group_SampleOne" name="test2" time="0.002"/>
  <system-out/>
  <testcase classname="com.app.test.Group_SampleOne" name="test3" time="0.006"/>
  <system-out/>
  <testcase classname="com.app.test.Group_SampleOne" name="test1" time="0.006"/>
  <system-out/>
</testsuite> <!-- com.app.test.Group_SampleOne -->
