<?xml version="1.0" encoding="UTF-8"?>
<!-- Generated by org.testng.reporters.JUnitReportReporter -->
<testsuite hostname="DESKTOP-OU80H79" failures="0" tests="6" name="com.app.test.Parallel_Exe2" time="0.070" errors="0" timestamp="2023-10-07T10:31:36 IST" skipped="0">
  <testcase classname="com.app.test.Parallel_Exe2" name="test6" time="0.006"/>
  <system-out/>
  <testcase classname="com.app.test.Parallel_Exe2" name="test3" time="0.009"/>
  <system-out/>
  <testcase classname="com.app.test.Parallel_Exe2" name="test4" time="0.003"/>
  <system-out/>
  <testcase classname="com.app.test.Parallel_Exe2" name="test1" time="0.029"/>
  <system-out/>
  <testcase classname="com.app.test.Parallel_Exe2" name="test5" time="0.003"/>
  <system-out/>
  <testcase classname="com.app.test.Parallel_Exe2" name="test2" time="0.020"/>
  <system-out/>
</testsuite> <!-- com.app.test.Parallel_Exe2 -->
