<?xml version="1.0" encoding="UTF-8"?>
<!-- Generated by org.testng.reporters.JUnitReportReporter -->
<testsuite hostname="DESKTOP-OU80H79" failures="0" tests="2" name="com.app.test.CrossBrowserTesting" time="0.963" errors="0" timestamp="2023-10-08T05:39:49 IST" skipped="0">
  <testcase classname="com.app.test.CrossBrowserTesting" name="test" time="0.807"/>
  <system-out/>
  <testcase classname="com.app.test.CrossBrowserTesting" name="test" time="0.156"/>
  <system-out/>
</testsuite> <!-- com.app.test.CrossBrowserTesting -->
